<?xml version="1.0" encoding="UTF-8"?>
<!-- Generated by org.testng.reporters.JUnitReportReporter -->
<testsuite hostname="LAPTOP-OOUS1A74" failures="0" tests="1" name="com.cognizant.sample.Test1" time="0.010" errors="0" timestamp="2025-06-26T23:23:24 IST" skipped="0">
  <testcase classname="com.cognizant.sample.Test1" name="test1" time="0.010"/>
</testsuite> <!-- com.cognizant.sample.Test1 -->
